<?xml version="1.0" encoding="UTF-8"?>
<testsuite xmlns:xsi="http://www.w3.org/2001/XMLSchema-instance" xsi:noNamespaceSchemaLocation="https://maven.apache.org/surefire/maven-surefire-plugin/xsd/surefire-test-report.xsd" name="TestSuite" time="1.694" tests="10" errors="0" skipped="2" failures="4">
  <properties>
[...]
</properties>
  <testcase name="example1" classname="TestDemo" time="0.172">
    <failure message="This test should be failed expected [3] but found [2]" type="java.lang.AssertionError">java.lang.AssertionError: This test should be failed expected [3] but found [2]
	at TestDemo.example1(TestDemo.java:7)
</failure>
    <system-out><![CDATA[...
... TestNG 7.0.0 by CÃ©dric Beust (cedric@beust.com)
...

]]></system-out>
    <system-err><![CDATA[SLF4J: Failed to load class "org.slf4j.impl.StaticLoggerBinder".
SLF4J: Defaulting to no-operation (NOP) logger implementation
SLF4J: See http://www.slf4j.org/codes.html#StaticLoggerBinder for further details.
]]></system-err>
  </testcase>
  <testcase name="example2" classname="TestDemo" time="0.005"/>
  <testcase name="example3" classname="TestDemo" time="0.002"/>
  <testcase name="example4" classname="TestDemo" time="0.003">
    <failure message="This test should be failed" type="java.lang.AssertionError">java.lang.AssertionError: This test should be failed
	at TestDemo.example4(TestDemo.java:22)
</failure>
  </testcase>
  <testcase name="skippedByDependencyTest" classname="TestDemo" time="0">
    <skipped message="Method TestDemo.skippedByDependencyTest()[pri:0, instance:TestDemo@422c3c7a] depends on not successfully finished methods"/>
  </testcase>
  <testcase name="test1" classname="TestDemo2" time="0.003">
    <failure message="expected [3] but found [2]" type="java.lang.AssertionError">java.lang.AssertionError: expected [3] but found [2]
	at TestDemo2.test1(TestDemo2.java:7)
</failure>
  </testcase>
  <testcase name="test2" classname="TestDemo2" time="0.002"/>
  <testcase name="test3" classname="TestDemo2" time="0.004"/>
  <testcase name="test4" classname="TestDemo2" time="0.002">
    <failure message="This test should be failed" type="java.lang.AssertionError">java.lang.AssertionError: This test should be failed
	at TestDemo2.test4(TestDemo2.java:22)
</failure>
  </testcase>
  <testcase name="skippedByDependencyTest" classname="TestDemo2" time="0">
    <skipped message="Method TestDemo2.skippedByDependencyTest()[pri:0, instance:TestDemo2@18230356] depends on not successfully finished methods"/>
  </testcase>
</testsuite>